<?xml version="1.0" encoding="UTF-8"?>
<!-- Generated by org.testng.reporters.JUnitXMLReporter -->
<testsuite ignored="0" hostname="DESKTOP-HBT0C0P" failures="0" tests="4" name="Test" time="5.82" errors="0" timestamp="2024-10-16T20:45:06 IST">
  <testcase classname="restApi.toTestFirstEspGetApi" name="getFirstESPApi" time="1.815"/>
  <testcase classname="restApi.ToGetRandomDataByGet" name="ToGetRandomDataByGet" time="0.474"/>
  <testcase classname="restApi.ToGetZIPCode" name="ToGetZIPCode" time="0.474"/>
  <testcase classname="restApi.ToPostResourceNew" name="ToPostResourceNew" time="2.609"/>
</testsuite> <!-- Test -->
